<?xml version="1.0" encoding="UTF-8"?>
<!-- Generated by org.testng.reporters.JUnitReportReporter -->
<testsuite skipped="0" hostname="DESKTOP-9PGB7JV" name="GoogleDemo1" tests="2" failures="0" timestamp="2020-07-28T10:12:14 IST" time="53.059" errors="0">
  <testcase name="googlem2" time="19.673" classname="GoogleDemo1"/>
  <system-out>
M2  </system-out>
  <testcase name="googlem1" time="33.386" classname="GoogleDemo1"/>
  <system-out>
M1  </system-out>
</testsuite> <!-- GoogleDemo1 -->
