<?xml version="1.0" encoding="UTF-8"?>
<!-- Generated by org.testng.reporters.JUnitReportReporter -->
<testsuite skipped="0" hostname="DESKTOP-9PGB7JV" name="Org.qsp.testNGDemo.AssertDemo" tests="1" failures="0" timestamp="2020-07-31T10:17:36 IST" time="0.021" errors="0">
  <testcase name="m1" time="0.021" classname="Org.qsp.testNGDemo.AssertDemo"/>
  <system-out/>
</testsuite> <!-- Org.qsp.testNGDemo.AssertDemo -->
