<?xml version="1.0" encoding="UTF-8"?>
<!-- Generated by org.testng.reporters.JUnitReportReporter -->
<testsuite skipped="0" hostname="DESKTOP-9PGB7JV" name="Org.qsp.testNGDemo.demo1" tests="5" failures="0" timestamp="2020-07-28T10:35:49 IST" time="0.031" errors="0">
  <testcase name="m1" time="0.009" classname="Org.qsp.testNGDemo.demo1"/>
  <system-out>
Hiii..  </system-out>
  <testcase name="m1" time="0.003" classname="Org.qsp.testNGDemo.demo1"/>
  <system-out>
Hiii..  </system-out>
  <testcase name="m1" time="0.005" classname="Org.qsp.testNGDemo.demo1"/>
  <system-out>
Hiii..  </system-out>
  <testcase name="m1" time="0.003" classname="Org.qsp.testNGDemo.demo1"/>
  <system-out>
Hiii..  </system-out>
  <testcase name="m1" time="0.011" classname="Org.qsp.testNGDemo.demo1"/>
  <system-out>
Hiii..  </system-out>
</testsuite> <!-- Org.qsp.testNGDemo.demo1 -->
