<?xml version="1.0" encoding="UTF-8"?>
<!-- Generated by org.testng.reporters.JUnitReportReporter -->
<testsuite skipped="0" hostname="DESKTOP-9PGB7JV" name="Org.qsp.testNGDemo.AssertDemoList" tests="1" failures="0" timestamp="2020-07-31T11:04:57 IST" time="0.012" errors="0">
  <testcase name="m1" time="0.012" classname="Org.qsp.testNGDemo.AssertDemoList"/>
  <system-out/>
</testsuite> <!-- Org.qsp.testNGDemo.AssertDemoList -->
