<?xml version="1.0" encoding="UTF-8"?>
<!-- Generated by org.testng.reporters.JUnitReportReporter -->
<testsuite skipped="0" hostname="DESKTOP-9PGB7JV" name="Org.qsp.testNGDemo.Parallel1" tests="1" failures="0" timestamp="2020-07-31T15:24:39 IST" time="0.012" errors="0">
  <testcase name="m1" time="0.012" classname="Org.qsp.testNGDemo.Parallel1"/>
  <system-out>
m1  </system-out>
</testsuite> <!-- Org.qsp.testNGDemo.Parallel1 -->
