<?xml version="1.0" encoding="UTF-8"?>
<!-- Generated by org.testng.reporters.JUnitReportReporter -->
<testsuite skipped="0" hostname="DESKTOP-9PGB7JV" name="Org.qsp.testNGDemo.Dataproviderdemo" tests="3" failures="0" timestamp="2020-07-30T10:31:00 IST" time="0.041" errors="0">
  <testcase name="m1" time="0.010" classname="Org.qsp.testNGDemo.Dataproviderdemo"/>
  <system-out>
admin1 manager1  </system-out>
  <testcase name="m1" time="0.011" classname="Org.qsp.testNGDemo.Dataproviderdemo"/>
  <system-out>
admin3 manager3  </system-out>
  <testcase name="m1" time="0.020" classname="Org.qsp.testNGDemo.Dataproviderdemo"/>
  <system-out>
admin2 manager2  </system-out>
</testsuite> <!-- Org.qsp.testNGDemo.Dataproviderdemo -->
