<?xml version="1.0" encoding="UTF-8"?>
<!-- Generated by org.testng.reporters.JUnitReportReporter -->
<testsuite skipped="0" hostname="DESKTOP-9PGB7JV" name="Org.qsp.testNGDemo.demo2" tests="3" failures="0" timestamp="2020-07-28T10:47:56 IST" time="0.027" errors="0">
  <testcase name="m3" time="0.020" classname="Org.qsp.testNGDemo.demo2"/>
  <system-out>
Hiii..3  </system-out>
  <testcase name="m1" time="0.005" classname="Org.qsp.testNGDemo.demo2"/>
  <system-out>
Hiii..1  </system-out>
  <testcase name="m2" time="0.002" classname="Org.qsp.testNGDemo.demo2"/>
  <system-out>
Hiii..2  </system-out>
</testsuite> <!-- Org.qsp.testNGDemo.demo2 -->
